Base path: '/Applications/Unity/Hub/Editor/2019.4.11f1/Unity.app/Contents', plugins path '/Applications/Unity/Hub/Editor/2019.4.11f1/Unity.app/Contents/PlaybackEngines'
Cmd: initializeCompiler
Cmd: translateComputeKernel
  api=14 insize=9375 outsize=16177 ok=1
Cmd: compileComputeKernel
  api=14 insize=7960 outsize=2783 ok=1
Cmd: compileComputeKernel
  api=14 insize=9919 outsize=2923 ok=1
Cmd: translateComputeKernel
  api=14 insize=2952 outsize=4059 ok=1
Cmd: translateComputeKernel
  api=14 insize=48832 outsize=85732 ok=1
Cmd: compileComputeKernel
  api=14 insize=47665 outsize=3498 ok=1
Cmd: compileComputeKernel
  api=14 insize=47665 outsize=3030 ok=1
Cmd: compileComputeKernel
  api=14 insize=47665 outsize=3290 ok=1
Cmd: compileComputeKernel
  api=14 insize=47665 outsize=3759 ok=1
Cmd: compileComputeKernel
  api=14 insize=47665 outsize=3337 ok=1
Cmd: translateComputeKernel
  api=14 insize=4305 outsize=5557 ok=1
Cmd: translateComputeKernel
  api=14 insize=3593 outsize=3584 ok=1
Cmd: translateComputeKernel
  api=14 insize=4004 outsize=4175 ok=1
Cmd: translateComputeKernel
  api=14 insize=8733 outsize=16283 ok=1
Cmd: compileComputeKernel
  api=14 insize=29386 outsize=2286 ok=1
Cmd: compileComputeKernel
  api=14 insize=29386 outsize=2181 ok=1
Cmd: compileComputeKernel
  api=14 insize=29386 outsize=2187 ok=1
Cmd: compileComputeKernel
  api=14 insize=29386 outsize=2543 ok=1
Cmd: compileComputeKernel
  api=14 insize=29386 outsize=2691 ok=1
Cmd: compileComputeKernel
  api=14 insize=29386 outsize=2740 ok=1
Cmd: translateComputeKernel
  api=14 insize=2342 outsize=2123 ok=1
Cmd: translateComputeKernel
  api=14 insize=2456 outsize=2319 ok=1
Cmd: translateComputeKernel
  api=14 insize=2349 outsize=2143 ok=1
Cmd: translateComputeKernel
  api=14 insize=2967 outsize=3325 ok=1
Cmd: translateComputeKernel
  api=14 insize=2871 outsize=3168 ok=1
Cmd: compileComputeKernel
  api=14 insize=31899 outsize=5617 ok=1
Cmd: translateComputeKernel
  api=14 insize=4913 outsize=8657 ok=1
Cmd: compileSnippet
  api=14 type=1 insize=1554 outsize=5428 kw=UNITY_PASS_DEFERRED LIGHTPROBE_SH UNITY_HDR_ON pd=UNITY_ENABLE_REFLECTION_BUFFERS UNITY_USE_DITHER_MASK_FOR_ALPHABLENDED_SHADOWS UNITY_PBS_USE_BRDF1 UNITY_SPECCUBE_BOX_PROJECTION UNITY_SPECCUBE_BLENDING UNITY_ENABLE_DETAIL_NORMALMAP SHADER_API_DESKTOP UNITY_COLORSPACE_GAMMA UNITY_LIGHT_PROBE_PROXY_VOLUME UNITY_LIGHTMAP_FULL_HDR ok=1

Quitting shader compiler process
