Base path: '/Applications/Unity/Hub/Editor/2019.4.11f1/Unity.app/Contents', plugins path '/Applications/Unity/Hub/Editor/2019.4.11f1/Unity.app/Contents/PlaybackEngines'
Cmd: initializeCompiler
Cmd: compileComputeKernel
  api=14 insize=18731 outsize=9678 ok=1
Cmd: compileComputeKernel
  api=14 insize=7960 outsize=2569 ok=1
Cmd: translateComputeKernel
  api=14 insize=3214 outsize=3371 ok=1
Cmd: compileComputeKernel
  api=14 insize=9919 outsize=2957 ok=1
Cmd: translateComputeKernel
  api=14 insize=2923 outsize=4020 ok=1
Cmd: compileComputeKernel
  api=14 insize=3158 outsize=48832 ok=1
Cmd: translateComputeKernel
  api=14 insize=11445 outsize=22657 ok=1
Cmd: compileComputeKernel
  api=14 insize=47665 outsize=3067 ok=1
Cmd: compileComputeKernel
  api=14 insize=47665 outsize=3053 ok=1
Cmd: compileComputeKernel
  api=14 insize=47665 outsize=3054 ok=1
Cmd: compileComputeKernel
  api=14 insize=47665 outsize=3761 ok=1
Cmd: compileComputeKernel
  api=14 insize=47665 outsize=3192 ok=1
Cmd: translateComputeKernel
  api=14 insize=3882 outsize=4045 ok=1
Cmd: translateComputeKernel
  api=14 insize=3883 outsize=4009 ok=1
Cmd: translateComputeKernel
  api=14 insize=4169 outsize=4729 ok=1
Cmd: translateComputeKernel
  api=14 insize=4203 outsize=4778 ok=1
Cmd: compileComputeKernel
  api=14 insize=29386 outsize=2151 ok=1
Cmd: compileComputeKernel
  api=14 insize=29386 outsize=2135 ok=1
Cmd: compileComputeKernel
  api=14 insize=29386 outsize=2172 ok=1
Cmd: compileComputeKernel
  api=14 insize=29386 outsize=2740 ok=1
Cmd: compileComputeKernel
  api=14 insize=29386 outsize=2659 ok=1
Cmd: translateComputeKernel
  api=14 insize=2253 outsize=1973 ok=1
Cmd: translateComputeKernel
  api=14 insize=2598 outsize=2493 ok=1
Cmd: translateComputeKernel
  api=14 insize=2287 outsize=2014 ok=1
Cmd: translateComputeKernel
  api=14 insize=2957 outsize=3466 ok=1
Cmd: translateComputeKernel
  api=14 insize=2798 outsize=3275 ok=1
Cmd: translateComputeKernel
  api=14 insize=3163 outsize=3675 ok=1
Cmd: translateComputeKernel
  api=14 insize=12345 outsize=23619 ok=1
Cmd: compileSnippet
  api=14 type=1 insize=1224 outsize=948 kw=UNITY_HDR_ON pd=UNITY_ENABLE_REFLECTION_BUFFERS UNITY_USE_DITHER_MASK_FOR_ALPHABLENDED_SHADOWS UNITY_PBS_USE_BRDF1 UNITY_SPECCUBE_BOX_PROJECTION UNITY_SPECCUBE_BLENDING UNITY_ENABLE_DETAIL_NORMALMAP SHADER_API_DESKTOP UNITY_COLORSPACE_GAMMA UNITY_LIGHT_PROBE_PROXY_VOLUME UNITY_LIGHTMAP_FULL_HDR ok=1

Quitting shader compiler process
