Base path: '/Applications/Unity/Hub/Editor/2019.4.11f1/Unity.app/Contents', plugins path '/Applications/Unity/Hub/Editor/2019.4.11f1/Unity.app/Contents/PlaybackEngines'
Cmd: initializeCompiler
Cmd: compileComputeKernel
  api=14 insize=18731 outsize=11742 ok=1
Cmd: translateComputeKernel
  api=14 insize=9370 outsize=16172 ok=1
Cmd: compileComputeKernel
  api=14 insize=7960 outsize=2550 ok=1
Cmd: translateComputeKernel
  api=14 insize=3157 outsize=3345 ok=1
Cmd: compileComputeKernel
  api=14 insize=9919 outsize=3101 ok=1
Cmd: translateComputeKernel
  api=14 insize=3101 outsize=4310 ok=1
Cmd: compileComputeKernel
  api=14 insize=6546 outsize=2718 ok=1
Cmd: compileComputeKernel
  api=14 insize=47665 outsize=3078 ok=1
Cmd: compileComputeKernel
  api=14 insize=47665 outsize=3263 ok=1
Cmd: compileComputeKernel
  api=14 insize=47665 outsize=3731 ok=1
Cmd: compileComputeKernel
  api=14 insize=47665 outsize=3069 ok=1
Cmd: compileComputeKernel
  api=14 insize=47665 outsize=4360 ok=1
Cmd: translateComputeKernel
  api=14 insize=3803 outsize=3837 ok=1
Cmd: translateComputeKernel
  api=14 insize=3772 outsize=3766 ok=1
Cmd: translateComputeKernel
  api=14 insize=3740 outsize=3712 ok=1
Cmd: translateComputeKernel
  api=14 insize=4169 outsize=4733 ok=1
Cmd: translateComputeKernel
  api=14 insize=3673 outsize=3615 ok=1
Cmd: compileComputeKernel
  api=14 insize=68835 outsize=6622 ok=1
Cmd: compileComputeKernel
  api=14 insize=29386 outsize=2058 ok=1
Cmd: compileComputeKernel
  api=14 insize=29386 outsize=2244 ok=1
Cmd: compileComputeKernel
  api=14 insize=29386 outsize=2230 ok=1
Cmd: compileComputeKernel
  api=14 insize=29386 outsize=3332 ok=1
Cmd: compileComputeKernel
  api=14 insize=29386 outsize=2619 ok=1
Cmd: translateComputeKernel
  api=14 insize=2481 outsize=2282 ok=1
Cmd: translateComputeKernel
  api=14 insize=2380 outsize=2214 ok=1
Cmd: translateComputeKernel
  api=14 insize=2347 outsize=2148 ok=1
Cmd: translateComputeKernel
  api=14 insize=3029 outsize=3542 ok=1
Cmd: translateComputeKernel
  api=14 insize=2843 outsize=3127 ok=1
Cmd: compileComputeKernel
  api=14 insize=31899 outsize=4913 ok=1
Cmd: compileSnippet
  api=14 type=0 insize=11809 outsize=1107 kw=BLOOM_LOW COLOR_GRADING_LDR_2D pd=UNITY_ENABLE_REFLECTION_BUFFERS UNITY_USE_DITHER_MASK_FOR_ALPHABLENDED_SHADOWS UNITY_PBS_USE_BRDF1 UNITY_SPECCUBE_BOX_PROJECTION UNITY_SPECCUBE_BLENDING UNITY_ENABLE_DETAIL_NORMALMAP SHADER_API_DESKTOP UNITY_COLORSPACE_GAMMA UNITY_LIGHT_PROBE_PROXY_VOLUME UNITY_LIGHTMAP_FULL_HDR ok=1
Cmd: compileSnippet
  api=14 type=0 insize=2104 outsize=2388 kw=DIRECTIONAL UNITY_HDR_ON pd=UNITY_ENABLE_REFLECTION_BUFFERS UNITY_USE_DITHER_MASK_FOR_ALPHABLENDED_SHADOWS UNITY_PBS_USE_BRDF1 UNITY_SPECCUBE_BOX_PROJECTION UNITY_SPECCUBE_BLENDING UNITY_ENABLE_DETAIL_NORMALMAP SHADER_API_DESKTOP UNITY_COLORSPACE_GAMMA UNITY_LIGHT_PROBE_PROXY_VOLUME UNITY_LIGHTMAP_FULL_HDR ok=1

Quitting shader compiler process
