Base path: '/Applications/Unity/Hub/Editor/2019.4.11f1/Unity.app/Contents', plugins path '/Applications/Unity/Hub/Editor/2019.4.11f1/Unity.app/Contents/PlaybackEngines'
Cmd: initializeCompiler
Cmd: compileComputeKernel
  api=14 insize=18731 outsize=9901 ok=1
Cmd: translateComputeKernel
  api=14 insize=11447 outsize=25070 ok=1
Cmd: compileComputeKernel
  api=14 insize=1505 outsize=1199 ok=1
Cmd: translateComputeKernel
  api=14 insize=4178 outsize=5778 ok=1
Cmd: compileComputeKernel
  api=14 insize=1864 outsize=1153 ok=1
Cmd: compileComputeKernel
  api=14 insize=11176 outsize=11289 ok=1
Cmd: translateComputeKernel
  api=14 insize=10544 outsize=18410 ok=1
Cmd: compileComputeKernel
  api=14 insize=47665 outsize=4979 ok=1
Cmd: compileComputeKernel
  api=14 insize=47665 outsize=3027 ok=1
Cmd: compileComputeKernel
  api=14 insize=47665 outsize=3757 ok=1
Cmd: compileComputeKernel
  api=14 insize=47665 outsize=3605 ok=1
Cmd: translateComputeKernel
  api=14 insize=3987 outsize=4021 ok=1
Cmd: translateComputeKernel
  api=14 insize=3934 outsize=4078 ok=1
Cmd: translateComputeKernel
  api=14 insize=3580 outsize=3483 ok=1
Cmd: translateComputeKernel
  api=14 insize=4201 outsize=4775 ok=1
Cmd: translateComputeKernel
  api=14 insize=3594 outsize=3570 ok=1
Cmd: compileComputeKernel
  api=14 insize=2134 outsize=812 ok=1
Cmd: translateComputeKernel
  api=14 insize=6655 outsize=12060 ok=1
Cmd: compileComputeKernel
  api=14 insize=29386 outsize=2446 ok=1
Cmd: compileComputeKernel
  api=14 insize=29386 outsize=2077 ok=1
Cmd: compileComputeKernel
  api=14 insize=29386 outsize=1205 ok=1
Cmd: compileComputeKernel
  api=14 insize=29386 outsize=2918 ok=1
Cmd: compileComputeKernel
  api=14 insize=29386 outsize=2682 ok=1
Cmd: translateComputeKernel
  api=14 insize=2251 outsize=1989 ok=1
Cmd: translateComputeKernel
  api=14 insize=1572 outsize=1447 ok=1
Cmd: translateComputeKernel
  api=14 insize=2332 outsize=2120 ok=1
Cmd: translateComputeKernel
  api=14 insize=2830 outsize=3267 ok=1
Cmd: translateComputeKernel
  api=14 insize=2892 outsize=3334 ok=1
Cmd: translateComputeKernel
  api=14 insize=2753 outsize=3203 ok=1
Cmd: compileComputeKernel
  api=14 insize=31899 outsize=12312 ok=1
Cmd: compileComputeKernel
  api=14 insize=4119 outsize=2847 ok=1
Cmd: compileSnippet
  api=14 type=0 insize=1554 outsize=3793 kw=UNITY_PASS_DEFERRED LIGHTPROBE_SH _EMISSION UNITY_HDR_ON pd=UNITY_ENABLE_REFLECTION_BUFFERS UNITY_USE_DITHER_MASK_FOR_ALPHABLENDED_SHADOWS UNITY_PBS_USE_BRDF1 UNITY_SPECCUBE_BOX_PROJECTION UNITY_SPECCUBE_BLENDING UNITY_ENABLE_DETAIL_NORMALMAP SHADER_API_DESKTOP UNITY_COLORSPACE_GAMMA UNITY_LIGHT_PROBE_PROXY_VOLUME UNITY_LIGHTMAP_FULL_HDR ok=1
Cmd: compileSnippet
  api=14 type=1 insize=4008 outsize=14137 kw=FXAA_LOW FXAA_KEEP_ALPHA pd=UNITY_ENABLE_REFLECTION_BUFFERS UNITY_USE_DITHER_MASK_FOR_ALPHABLENDED_SHADOWS UNITY_PBS_USE_BRDF1 UNITY_SPECCUBE_BOX_PROJECTION UNITY_SPECCUBE_BLENDING UNITY_ENABLE_DETAIL_NORMALMAP SHADER_API_DESKTOP UNITY_COLORSPACE_GAMMA UNITY_LIGHT_PROBE_PROXY_VOLUME UNITY_LIGHTMAP_FULL_HDR ok=1

Quitting shader compiler process
