Base path: '/Applications/Unity/Hub/Editor/2019.4.11f1/Unity.app/Contents', plugins path '/Applications/Unity/Hub/Editor/2019.4.11f1/Unity.app/Contents/PlaybackEngines'
Cmd: initializeCompiler
Cmd: compileComputeKernel
  api=14 insize=18731 outsize=9597 ok=1
Cmd: translateComputeKernel
  api=14 insize=11742 outsize=25442 ok=1
Cmd: compileComputeKernel
  api=14 insize=7960 outsize=3032 ok=1
Cmd: translateComputeKernel
  api=14 insize=3225 outsize=3579 ok=1
Cmd: compileComputeKernel
  api=14 insize=9919 outsize=2952 ok=1
Cmd: translateComputeKernel
  api=14 insize=2927 outsize=4019 ok=1
Cmd: compileComputeKernel
  api=14 insize=6546 outsize=3332 ok=1
Cmd: compileComputeKernel
  api=14 insize=47665 outsize=4891 ok=1
Cmd: compileComputeKernel
  api=14 insize=47665 outsize=3727 ok=1
Cmd: compileComputeKernel
  api=14 insize=47665 outsize=3753 ok=1
Cmd: translateComputeKernel
  api=14 insize=3683 outsize=3836 ok=1
Cmd: translateComputeKernel
  api=14 insize=3573 outsize=3463 ok=1
Cmd: translateComputeKernel
  api=14 insize=3999 outsize=4188 ok=1
Cmd: translateComputeKernel
  api=14 insize=4199 outsize=4774 ok=1
Cmd: translateComputeKernel
  api=14 insize=3760 outsize=3819 ok=1
Cmd: compileComputeKernel
  api=14 insize=68835 outsize=3877 ok=1
Cmd: compileComputeKernel
  api=14 insize=29386 outsize=2056 ok=1
Cmd: compileComputeKernel
  api=14 insize=29386 outsize=1319 ok=1
Cmd: compileComputeKernel
  api=14 insize=29386 outsize=1228 ok=1
Cmd: compileComputeKernel
  api=14 insize=29386 outsize=2868 ok=1
Cmd: compileComputeKernel
  api=14 insize=29386 outsize=2659 ok=1
Cmd: compileComputeKernel
  api=14 insize=29386 outsize=2735 ok=1
Cmd: translateComputeKernel
  api=14 insize=2449 outsize=2232 ok=1
Cmd: translateComputeKernel
  api=14 insize=2290 outsize=2041 ok=1
Cmd: translateComputeKernel
  api=14 insize=2824 outsize=3091 ok=1
Cmd: translateComputeKernel
  api=14 insize=2915 outsize=3204 ok=1
Cmd: translateComputeKernel
  api=14 insize=2848 outsize=3302 ok=1
Cmd: translateComputeKernel
  api=14 insize=10961 outsize=19426 ok=1
Cmd: translateComputeKernel
  api=14 insize=2971 outsize=3882 ok=1
Cmd: compileSnippet
  api=14 type=0 insize=11846 outsize=2668 kw=SHADOWS_SPLIT_SPHERES pd=UNITY_ENABLE_REFLECTION_BUFFERS UNITY_USE_DITHER_MASK_FOR_ALPHABLENDED_SHADOWS UNITY_PBS_USE_BRDF1 UNITY_SPECCUBE_BOX_PROJECTION UNITY_SPECCUBE_BLENDING UNITY_ENABLE_DETAIL_NORMALMAP SHADER_API_DESKTOP UNITY_COLORSPACE_GAMMA UNITY_LIGHT_PROBE_PROXY_VOLUME UNITY_LIGHTMAP_FULL_HDR ok=1

Quitting shader compiler process
