Base path: '/Applications/Unity/Hub/Editor/2019.4.11f1/Unity.app/Contents', plugins path '/Applications/Unity/Hub/Editor/2019.4.11f1/Unity.app/Contents/PlaybackEngines'
Cmd: initializeCompiler
Cmd: translateComputeKernel
  api=14 insize=9678 outsize=16581 ok=1
Cmd: translateComputeKernel
  api=14 insize=2071 outsize=3117 ok=1
Cmd: compileComputeKernel
  api=14 insize=7960 outsize=3081 ok=1
Cmd: compileComputeKernel
  api=14 insize=9919 outsize=2923 ok=1
Cmd: translateComputeKernel
  api=14 insize=2923 outsize=4016 ok=1
Cmd: compileComputeKernel
  api=14 insize=11176 outsize=10700 ok=1
Cmd: compileComputeKernel
  api=14 insize=47665 outsize=3772 ok=1
Cmd: compileComputeKernel
  api=14 insize=47665 outsize=3102 ok=1
Cmd: compileComputeKernel
  api=14 insize=47665 outsize=3727 ok=1
Cmd: compileComputeKernel
  api=14 insize=47665 outsize=3085 ok=1
Cmd: translateComputeKernel
  api=14 insize=3587 outsize=3656 ok=1
Cmd: translateComputeKernel
  api=14 insize=3635 outsize=3538 ok=1
Cmd: translateComputeKernel
  api=14 insize=3563 outsize=3461 ok=1
Cmd: translateComputeKernel
  api=14 insize=4169 outsize=4729 ok=1
Cmd: translateComputeKernel
  api=14 insize=4348 outsize=5024 ok=1
Cmd: compileComputeKernel
  api=14 insize=68835 outsize=8733 ok=1
Cmd: translateComputeKernel
  api=14 insize=13802 outsize=26426 ok=1
Cmd: translateComputeKernel
  api=14 insize=876 outsize=678 ok=1
Cmd: compileComputeKernel
  api=14 insize=29386 outsize=2148 ok=1
Cmd: compileComputeKernel
  api=14 insize=29386 outsize=2381 ok=1
Cmd: compileComputeKernel
  api=14 insize=29386 outsize=2077 ok=1
Cmd: compileComputeKernel
  api=14 insize=29386 outsize=2600 ok=1
Cmd: compileComputeKernel
  api=14 insize=29386 outsize=2813 ok=1
Cmd: compileComputeKernel
  api=14 insize=29386 outsize=2677 ok=1
Cmd: translateComputeKernel
  api=14 insize=1476 outsize=1304 ok=1
Cmd: translateComputeKernel
  api=14 insize=2396 outsize=2187 ok=1
Cmd: translateComputeKernel
  api=14 insize=2305 outsize=2081 ok=1
Cmd: translateComputeKernel
  api=14 insize=2704 outsize=2677 ok=1
Cmd: translateComputeKernel
  api=14 insize=2944 outsize=3447 ok=1
Cmd: translateComputeKernel
  api=14 insize=2808 outsize=3276 ok=1
Cmd: compileComputeKernel
  api=14 insize=31899 outsize=13383 ok=1
Cmd: compileComputeKernel
  api=14 insize=4119 outsize=2913 ok=1
Cmd: translateComputeKernel
  api=14 insize=2757 outsize=3311 ok=1
Cmd: compileSnippet
  api=14 type=0 insize=2295 outsize=1778 kw= pd=UNITY_ENABLE_REFLECTION_BUFFERS UNITY_USE_DITHER_MASK_FOR_ALPHABLENDED_SHADOWS UNITY_PBS_USE_BRDF1 UNITY_SPECCUBE_BOX_PROJECTION UNITY_SPECCUBE_BLENDING UNITY_ENABLE_DETAIL_NORMALMAP SHADER_API_DESKTOP UNITY_COLORSPACE_GAMMA UNITY_LIGHT_PROBE_PROXY_VOLUME UNITY_LIGHTMAP_FULL_HDR ok=1

Quitting shader compiler process
