Base path: '/Applications/Unity/Hub/Editor/2019.4.11f1/Unity.app/Contents', plugins path '/Applications/Unity/Hub/Editor/2019.4.11f1/Unity.app/Contents/PlaybackEngines'
Cmd: initializeCompiler
Cmd: compileComputeKernel
  api=14 insize=18731 outsize=9375 ok=1
Cmd: translateComputeKernel
  api=14 insize=11282 outsize=24784 ok=1
Cmd: compileComputeKernel
  api=14 insize=7960 outsize=3022 ok=1
Cmd: translateComputeKernel
  api=14 insize=3193 outsize=3739 ok=1
Cmd: compileComputeKernel
  api=14 insize=9919 outsize=3102 ok=1
Cmd: translateComputeKernel
  api=14 insize=2953 outsize=4061 ok=1
Cmd: translateComputeKernel
  api=14 insize=3930 outsize=6497 ok=1
Cmd: compileComputeKernel
  api=14 insize=47665 outsize=3322 ok=1
Cmd: compileComputeKernel
  api=14 insize=47665 outsize=3064 ok=1
Cmd: compileComputeKernel
  api=14 insize=47665 outsize=3727 ok=1
Cmd: compileComputeKernel
  api=14 insize=47665 outsize=3084 ok=1
Cmd: translateComputeKernel
  api=14 insize=3802 outsize=4025 ok=1
Cmd: translateComputeKernel
  api=14 insize=3667 outsize=3657 ok=1
Cmd: translateComputeKernel
  api=14 insize=3588 outsize=3452 ok=1
Cmd: translateComputeKernel
  api=14 insize=4169 outsize=4733 ok=1
Cmd: translateComputeKernel
  api=14 insize=3593 outsize=3585 ok=1
Cmd: translateComputeKernel
  api=14 insize=4086 outsize=4291 ok=1
Cmd: translateComputeKernel
  api=14 insize=4696 outsize=7334 ok=1
Cmd: compileComputeKernel
  api=14 insize=3174 outsize=815 ok=1
Cmd: compileComputeKernel
  api=14 insize=29386 outsize=2408 ok=1
Cmd: compileComputeKernel
  api=14 insize=29386 outsize=2326 ok=1
Cmd: compileComputeKernel
  api=14 insize=29386 outsize=2135 ok=1
Cmd: compileComputeKernel
  api=14 insize=29386 outsize=2669 ok=1
Cmd: compileComputeKernel
  api=14 insize=29386 outsize=2731 ok=1
Cmd: compileComputeKernel
  api=14 insize=29386 outsize=2592 ok=1
Cmd: translateComputeKernel
  api=14 insize=2282 outsize=2007 ok=1
Cmd: translateComputeKernel
  api=14 insize=2344 outsize=2074 ok=1
Cmd: translateComputeKernel
  api=14 insize=1458 outsize=1302 ok=1
Cmd: translateComputeKernel
  api=14 insize=2853 outsize=3129 ok=1
Cmd: translateComputeKernel
  api=14 insize=2852 outsize=3308 ok=1
Cmd: translateComputeKernel
  api=14 insize=2793 outsize=3229 ok=1
Cmd: compileComputeKernel
  api=14 insize=31899 outsize=4252 ok=1
Cmd: translateComputeKernel
  api=14 insize=13414 outsize=25433 ok=1
Cmd: compileSnippet
  api=14 type=0 insize=1402 outsize=2401 kw=UNITY_PASS_FORWARDBASE _EMISSION SOFTPARTICLES_ON _ALPHABLEND_ON pd=UNITY_ENABLE_REFLECTION_BUFFERS UNITY_USE_DITHER_MASK_FOR_ALPHABLENDED_SHADOWS UNITY_PBS_USE_BRDF1 UNITY_SPECCUBE_BOX_PROJECTION UNITY_SPECCUBE_BLENDING UNITY_ENABLE_DETAIL_NORMALMAP SHADER_API_DESKTOP UNITY_COLORSPACE_GAMMA UNITY_LIGHT_PROBE_PROXY_VOLUME UNITY_LIGHTMAP_FULL_HDR ok=1
Cmd: compileSnippet
  api=14 type=1 insize=4008 outsize=14022 kw=FXAA_LOW pd=UNITY_ENABLE_REFLECTION_BUFFERS UNITY_USE_DITHER_MASK_FOR_ALPHABLENDED_SHADOWS UNITY_PBS_USE_BRDF1 UNITY_SPECCUBE_BOX_PROJECTION UNITY_SPECCUBE_BLENDING UNITY_ENABLE_DETAIL_NORMALMAP SHADER_API_DESKTOP UNITY_COLORSPACE_GAMMA UNITY_LIGHT_PROBE_PROXY_VOLUME UNITY_LIGHTMAP_FULL_HDR ok=1
Cmd: compileSnippet
  api=14 type=1 insize=16577 outsize=1019 kw=_SUNDISK_NONE pd=UNITY_ENABLE_REFLECTION_BUFFERS UNITY_USE_DITHER_MASK_FOR_ALPHABLENDED_SHADOWS UNITY_PBS_USE_BRDF1 UNITY_SPECCUBE_BOX_PROJECTION UNITY_SPECCUBE_BLENDING UNITY_ENABLE_DETAIL_NORMALMAP SHADER_API_DESKTOP UNITY_COLORSPACE_GAMMA UNITY_LIGHT_PROBE_PROXY_VOLUME UNITY_LIGHTMAP_FULL_HDR ok=1

Quitting shader compiler process
